2018-11-30 15:35:39:【开始比对】...
2018-11-30 15:35:39:【不一致】row<1>:['', '', '合同名称', '2018年目标', '完成时间', '2018年预计\n到款(万元)', '9月份预计到款', '9月份实际到款情况', '10月份预计到款', '10月份实际到款情况', '2018年到款\n金额(万元)', '2018年开票\n金额（万元）', '应收款金额\n（万元）', '合同号', '合同状态', '合同金额\n（万元）', '往年已收入\n金额（万元）', '合同尾款\n（万元）', '收入比例', '合同名称', '18年预计\n支出（万元）', '18年实际\n支出（万元）', '合同号', '合同状态', '合同金额\n（万元）', '往年已支出\n金额（万元）', '合同尾款\n（万元）', '支出比例', '', '', '', '', '', '', '', '', '', '', '', '', '', '', '', '', '', '', '', '', '', '', '', '', '', '', '', '', '', '', '', '', '', '', '', '', '', '', '', '', '', '', '', '', '', '', '', '', '', '', '', '', '', '', '', '', '', '', '', '', '', '', '', '', '', '', '', '', '', '', '', '', '', '', '', '', '', '', '', '', '', '', '', '', '', '', '', '', '', '', '', '', '', '', '', '', '', '', '', '', '', '', '', '', '', '', '', '', '', '', '', '', '', '', '', '', '', '', '', '', '', '', '', '', '', '', '', '', '', '', '', '', '', '', '', '', '', '', '', '', '', '', '', '', '', '', '', '', '', '', '', '', '', '', '', '', '', '', '', '', '', '', '', '', '', '', '', '', '', '', '', '', '', '', '', '', '', '', '', '', '', '', '', '', '', '', '', '', '', '', '', '', '', '', '', '', '', '', '', '', '', '', '', '', '', '', '', '', '', '', '', '', '', '', '', '', '', '', '', '', '', '', '', '', '', '', '', '']
2018-11-30 15:35:39:民用产业研发平台多项目管理系统-修改:3.14.16->,民用产业研发平台多项目管理系统-修改:民用产业研发平台多项目管理系统->,民用产业研发平台多项目管理系统-修改:集团民用产业多项目管理系统->,民用产业研发平台多项目管理系统-修改:10.14->,民用产业研发平台多项目管理系统-修改:201862RJ426Z->,民用产业研发平台多项目管理系统-修改:本年新签->,民用产业研发平台多项目管理系统-修改:20.2846->,民用产业研发平台多项目管理系统-修改:20.2846->,民用产业研发平台多项目管理系统-修改:0.0->,民用产业研发平台多项目管理系统-修改:多项目管理产品部->,民用产业研发平台多项目管理系统-修改:刘戎->,民用产业研发平台多项目管理系统-修改:肖鹏->,民用产业研发平台多项目管理系统-修改:非结转->
2018-11-30 15:35:39:源行id:467,目标行id:450,修改列:0
2018-11-30 15:35:39:源行id:467,目标行id:450,修改列:1
2018-11-30 15:35:39:源行id:467,目标行id:450,修改列:19
2018-11-30 15:35:39:源行id:467,目标行id:450,修改列:20
2018-11-30 15:35:39:源行id:467,目标行id:450,修改列:22
2018-11-30 15:35:39:源行id:467,目标行id:450,修改列:23
2018-11-30 15:35:39:源行id:467,目标行id:450,修改列:24
2018-11-30 15:35:39:源行id:467,目标行id:450,修改列:26
2018-11-30 15:35:39:源行id:467,目标行id:450,修改列:27
2018-11-30 15:35:39:源行id:467,目标行id:450,修改列:28
2018-11-30 15:35:39:源行id:467,目标行id:450,修改列:29
2018-11-30 15:35:39:源行id:467,目标行id:450,修改列:30
2018-11-30 15:35:39:源行id:467,目标行id:450,修改列:33
2018-11-30 15:35:39:院本部及所属单位2018年ERP建设项目-修改:院本部及所属单位2018年ERP建设项目->,院本部及所属单位2018年ERP建设项目-修改:->质量系统,院本部及所属单位2018年ERP建设项目-修改:合同管理、规划与计划人力外协（保定航信、东龙纳川）->,院本部及所属单位2018年ERP建设项目-修改:42.0->,院本部及所属单位2018年ERP建设项目-修改:跟踪项目->,院本部及所属单位2018年ERP建设项目-修改:60.0->,院本部及所属单位2018年ERP建设项目-修改:多项目管理产品部->质量管理产品部,院本部及所属单位2018年ERP建设项目-修改:费廷伟->,院本部及所属单位2018年ERP建设项目-修改:肖鹏->,院本部及所属单位2018年ERP建设项目-修改:ERP->,院本部及所属单位2018年ERP建设项目-修改:非结转->
2018-11-30 15:35:39:源行id:547,目标行id:492,修改列:1
2018-11-30 15:35:39:源行id:547,目标行id:492,修改列:2
2018-11-30 15:35:39:源行id:547,目标行id:492,修改列:19
2018-11-30 15:35:39:源行id:547,目标行id:492,修改列:20
2018-11-30 15:35:39:源行id:547,目标行id:492,修改列:23
2018-11-30 15:35:39:源行id:547,目标行id:492,修改列:24
2018-11-30 15:35:39:源行id:547,目标行id:492,修改列:28
2018-11-30 15:35:39:源行id:547,目标行id:492,修改列:29
2018-11-30 15:35:39:源行id:547,目标行id:492,修改列:30
2018-11-30 15:35:39:源行id:547,目标行id:492,修改列:31
2018-11-30 15:35:39:源行id:547,目标行id:492,修改列:33
2018-11-30 15:35:39:删除线源行id:694,目标行id:694
2018-11-30 15:35:39:159厂导弹装调过程控制与管理系统同MRPII系统集成-修改:5.10.8->,159厂导弹装调过程控制与管理系统同MRPII系统集成-修改:159厂导弹装调过程控制与管理系统同MRPII系统集成->,159厂导弹装调过程控制与管理系统同MRPII系统集成-修改:0.0->,159厂导弹装调过程控制与管理系统同MRPII系统集成-修改:0.0->,159厂导弹装调过程控制与管理系统同MRPII系统集成-修改:0.0->,159厂导弹装调过程控制与管理系统同MRPII系统集成-修改:0.0->,159厂导弹装调过程控制与管理系统同MRPII系统集成-修改:结束->,159厂导弹装调过程控制与管理系统同MRPII系统集成-修改:159厂导弹装调过程控制与管理系统同MRPII系统集成->,159厂导弹装调过程控制与管理系统同MRPII系统集成-修改:10.0->,159厂导弹装调过程控制与管理系统同MRPII系统集成-修改:10.0->,159厂导弹装调过程控制与管理系统同MRPII系统集成-修改:201762KF039Z->,159厂导弹装调过程控制与管理系统同MRPII系统集成-修改:17年结转->,159厂导弹装调过程控制与管理系统同MRPII系统集成-修改:20.0->,159厂导弹装调过程控制与管理系统同MRPII系统集成-修改:10.0->,159厂导弹装调过程控制与管理系统同MRPII系统集成-修改:0.0->,159厂导弹装调过程控制与管理系统同MRPII系统集成-修改:1.0->,159厂导弹装调过程控制与管理系统同MRPII系统集成-修改:多项目管理产品部->,159厂导弹装调过程控制与管理系统同MRPII系统集成-修改:费廷伟->,159厂导弹装调过程控制与管理系统同MRPII系统集成-修改:王欢欢->,159厂导弹装调过程控制与管理系统同MRPII系统集成-修改:非结转->,159厂导弹装调过程控制与管理系统同MRPII系统集成-修改:5.0->,159厂导弹装调过程控制与管理系统同MRPII系统集成-修改:0.0->,159厂导弹装调过程控制与管理系统同MRPII系统集成-修改:0.0->
2018-11-30 15:35:39:源行id:720,目标行id:712,修改列:0
2018-11-30 15:35:39:源行id:720,目标行id:712,修改列:1
2018-11-30 15:35:39:源行id:720,目标行id:712,修改列:7
2018-11-30 15:35:39:源行id:720,目标行id:712,修改列:10
2018-11-30 15:35:39:源行id:720,目标行id:712,修改列:11
2018-11-30 15:35:39:源行id:720,目标行id:712,修改列:12
2018-11-30 15:35:39:源行id:720,目标行id:712,修改列:14
2018-11-30 15:35:39:源行id:720,目标行id:712,修改列:19
2018-11-30 15:35:39:源行id:720,目标行id:712,修改列:20
2018-11-30 15:35:39:源行id:720,目标行id:712,修改列:21
2018-11-30 15:35:39:源行id:720,目标行id:712,修改列:22
2018-11-30 15:35:39:源行id:720,目标行id:712,修改列:23
2018-11-30 15:35:39:源行id:720,目标行id:712,修改列:24
2018-11-30 15:35:39:源行id:720,目标行id:712,修改列:25
2018-11-30 15:35:39:源行id:720,目标行id:712,修改列:26
2018-11-30 15:35:39:源行id:720,目标行id:712,修改列:27
2018-11-30 15:35:39:源行id:720,目标行id:712,修改列:28
2018-11-30 15:35:39:源行id:720,目标行id:712,修改列:29
2018-11-30 15:35:39:源行id:720,目标行id:712,修改列:30
2018-11-30 15:35:39:源行id:720,目标行id:712,修改列:33
2018-11-30 15:35:39:源行id:720,目标行id:712,修改列:34
2018-11-30 15:35:39:源行id:720,目标行id:712,修改列:37
2018-11-30 15:35:39:源行id:720,目标行id:712,修改列:38
2018-11-30 15:35:39:306所多项目管理系统拓展建设-修改:5.13.6->,306所多项目管理系统拓展建设-修改:306所多项目管理系统拓展建设->,306所多项目管理系统拓展建设-修改:0.0->,306所多项目管理系统拓展建设-修改:跟踪项目->,306所多项目管理系统拓展建设-修改:0.0->,306所多项目管理系统拓展建设-修改:多项目管理产品部->,306所多项目管理系统拓展建设-修改:费廷伟->,306所多项目管理系统拓展建设-修改:李婷->,306所多项目管理系统拓展建设-修改:10.9：本月中旬进行对接
9.5：还在跟踪
4.11：用户未确定是否开展->,306所多项目管理系统拓展建设-修改:非结转->,306所多项目管理系统拓展建设-修改:5.0->,306所多项目管理系统拓展建设-修改:0.0->,306所多项目管理系统拓展建设-修改:0.0->
2018-11-30 15:35:39:源行id:751,目标行id:744,修改列:0
2018-11-30 15:35:39:源行id:751,目标行id:744,修改列:1
2018-11-30 15:35:39:源行id:751,目标行id:744,修改列:7
2018-11-30 15:35:39:源行id:751,目标行id:744,修改列:14
2018-11-30 15:35:39:源行id:751,目标行id:744,修改列:21
2018-11-30 15:35:39:源行id:751,目标行id:744,修改列:28
2018-11-30 15:35:39:源行id:751,目标行id:744,修改列:29
2018-11-30 15:35:39:源行id:751,目标行id:744,修改列:30
2018-11-30 15:35:39:源行id:751,目标行id:744,修改列:32
2018-11-30 15:35:39:源行id:751,目标行id:744,修改列:33
2018-11-30 15:35:39:源行id:751,目标行id:744,修改列:34
2018-11-30 15:35:39:源行id:751,目标行id:744,修改列:37
2018-11-30 15:35:39:源行id:751,目标行id:744,修改列:38
2018-11-30 15:35:39:删除线源行id:839,目标行id:839
2018-11-30 15:35:39:【不一致】row<882>:['', '', '', 613.1, '', 408.95000000000005, 0.0, 27.2, '', '', 201.25, 227.5, 143.1, '', '', 2422.5, 1316.8500000000001, 663.5, 19.097752808988762, '', 257.01645, 107.2999, '', '', 662.81435, 201.18000000000004, 199.9665, '', '', '', '', '', '', '', '', '', '', '', '', '', '', '', '', '', '', '', '', '', '', '', '', '', '', '', '', '', '', '', '', '', '', '', '', '', '', '', '', '', '', '', '', '', '', '', '', '', '', '', '', '', '', '', '', '', '', '', '', '', '', '', '', '', '', '', '', '', '', '', '', '', '', '', '', '', '', '', '', '', '', '', '', '', '', '', '', '', '', '', '', '', '', '', '', '', '', '', '', '', '', '', '', '', '', '', '', '', '', '', '', '', '', '', '', '', '', '', '', '', '', '', '', '', '', '', '', '', '', '', '', '', '', '', '', '', '', '', '', '', '', '', '', '', '', '', '', '', '', '', '', '', '', '', '', '', '', '', '', '', '', '', '', '', '', '', '', '', '', '', '', '', '', '', '', '', '', '', '', '', '', '', '', '', '', '', '', '', '', '', '', '', '', '', '', '', '', '', '', '', '', '', '', '', '', '', '', '', '', '', '', '', '', '', '', '', '', '', '', '', '', '', '', '', '', '', '', '']
2018-11-30 15:35:39:【不一致】row<883>:['', '', '', '', '', '', '', '', '', '', '', '', '', '', '', '', '', '', '', '', '', -101.53989999999999, '', '', '', '', '', '', '', '', '', '', '', '', '', '', '', '', '', '', '', '', '', '', '', '', '', '', '', '', '', '', '', '', '', '', '', '', '', '', '', '', '', '', '', '', '', '', '', '', '', '', '', '', '', '', '', '', '', '', '', '', '', '', '', '', '', '', '', '', '', '', '', '', '', '', '', '', '', '', '', '', '', '', '', '', '', '', '', '', '', '', '', '', '', '', '', '', '', '', '', '', '', '', '', '', '', '', '', '', '', '', '', '', '', '', '', '', '', '', '', '', '', '', '', '', '', '', '', '', '', '', '', '', '', '', '', '', '', '', '', '', '', '', '', '', '', '', '', '', '', '', '', '', '', '', '', '', '', '', '', '', '', '', '', '', '', '', '', '', '', '', '', '', '', '', '', '', '', '', '', '', '', '', '', '', '', '', '', '', '', '', '', '', '', '', '', '', '', '', '', '', '', '', '', '', '', '', '', '', '', '', '', '', '', '', '', '', '', '', '', '', '', '', '', '', '', '', '', '', '', '', '', '', '', '']
2018-11-30 15:35:39:【不一致】row<884>:['', '', '', '', '', '', 2088.1435570000003, '', '', '', '', '', '', '', '', '', '', '', '', '', '', '', '', '', '', '', '', '', '', '', '', '', '', '', '', '', '', '', '', '', '', '', '', '', '', '', '', '', '', '', '', '', '', '', '', '', '', '', '', '', '', '', '', '', '', '', '', '', '', '', '', '', '', '', '', '', '', '', '', '', '', '', '', '', '', '', '', '', '', '', '', '', '', '', '', '', '', '', '', '', '', '', '', '', '', '', '', '', '', '', '', '', '', '', '', '', '', '', '', '', '', '', '', '', '', '', '', '', '', '', '', '', '', '', '', '', '', '', '', '', '', '', '', '', '', '', '', '', '', '', '', '', '', '', '', '', '', '', '', '', '', '', '', '', '', '', '', '', '', '', '', '', '', '', '', '', '', '', '', '', '', '', '', '', '', '', '', '', '', '', '', '', '', '', '', '', '', '', '', '', '', '', '', '', '', '', '', '', '', '', '', '', '', '', '', '', '', '', '', '', '', '', '', '', '', '', '', '', '', '', '', '', '', '', '', '', '', '', '', '', '', '', '', '', '', '', '', '', '', '', '', '', '', '', '', '']
2018-11-30 15:35:39:【不一致】row<885>:['', '', '', '', '', '', -2088.1435570000003, '', '', '', '', '', '', '', '', '', '', '', '', '', '', '', '', '', '', '', '', '', '', '', '', '', '', '', '', '', '', '', '', '', '', '', '', '', '', '', '', '', '', '', '', '', '', '', '', '', '', '', '', '', '', '', '', '', '', '', '', '', '', '', '', '', '', '', '', '', '', '', '', '', '', '', '', '', '', '', '', '', '', '', '', '', '', '', '', '', '', '', '', '', '', '', '', '', '', '', '', '', '', '', '', '', '', '', '', '', '', '', '', '', '', '', '', '', '', '', '', '', '', '', '', '', '', '', '', '', '', '', '', '', '', '', '', '', '', '', '', '', '', '', '', '', '', '', '', '', '', '', '', '', '', '', '', '', '', '', '', '', '', '', '', '', '', '', '', '', '', '', '', '', '', '', '', '', '', '', '', '', '', '', '', '', '', '', '', '', '', '', '', '', '', '', '', '', '', '', '', '', '', '', '', '', '', '', '', '', '', '', '', '', '', '', '', '', '', '', '', '', '', '', '', '', '', '', '', '', '', '', '', '', '', '', '', '', '', '', '', '', '', '', '', '', '', '', '', '']
2018-11-30 15:35:39:【不一致】row<886>:['', '', '', '', '', '', '', '', '', '', '', '', '', '', '', '', '', '', '', '', '', '', '', '', '', '', '', '', '', '', '', '', '', '', '', '', '', '', '', '', '', '', '', '', '', '', '', '', '', '', '', '', '', '', '', '', '', '', '', '', '', '', '', '', '', '', '', '', '', '', '', '', '', '', '', '', '', '', '', '', '', '', '', '', '', '', '', '', '', '', '', '', '', '', '', '', '', '', '', '', '', '', '', '', '', '', '', '', '', '', '', '', '', '', '', '', '', '', '', '', '', '', '', '', '', '', '', '', '', '', '', '', '', '', '', '', '', '', '', '', '', '', '', '', '', '', '', '', '', '', '', '', '', '', '', '', '', '', '', '', '', '', '', '', '', '', '', '', '', '', '', '', '', '', '', '', '', '', '', '', '', '', '', '', '', '', '', '', '', '', '', '', '', '', '', '', '', '', '', '', '', '', '', '', '', '', '', '', '', '', '', '', '', '', '', '', '', '', '', '', '', '', '', '', '', '', '', '', '', '', '', '', '', '', '', '', '', '', '', '', '', '', '', '', '', '', '', '', '', '', '', '', '', '', '', '']
2018-11-30 15:35:39:【不一致】row<887>:['', '', '', '', '', '', '', '', '', '', '', '', '', '', '', '', '', '', '', '', '', '', '', '', '', '', '', '', '', '', '', '', '', '', '', '', '', '', '', '', '', '', '', '', '', '', '', '', '', '', '', '', '', '', '', '', '', '', '', '', '', '', '', '', '', '', '', '', '', '', '', '', '', '', '', '', '', '', '', '', '', '', '', '', '', '', '', '', '', '', '', '', '', '', '', '', '', '', '', '', '', '', '', '', '', '', '', '', '', '', '', '', '', '', '', '', '', '', '', '', '', '', '', '', '', '', '', '', '', '', '', '', '', '', '', '', '', '', '', '', '', '', '', '', '', '', '', '', '', '', '', '', '', '', '', '', '', '', '', '', '', '', '', '', '', '', '', '', '', '', '', '', '', '', '', '', '', '', '', '', '', '', '', '', '', '', '', '', '', '', '', '', '', '', '', '', '', '', '', '', '', '', '', '', '', '', '', '', '', '', '', '', '', '', '', '', '', '', '', '', '', '', '', '', '', '', '', '', '', '', '', '', '', '', '', '', '', '', '', '', '', '', '', '', '', '', '', '', '', '', '', '', '', '', '', '']
2018-11-30 15:35:39:【不一致】row<888>:['', '', '', '', '', '', '', '', '', '', '', '', '', '', '', '', '', '', '', '', '', '', '', '', '', '', '', '', '', '', '', '', '', '', '', '', '', '', '', '', '', '', '', '', '', '', '', '', '', '', '', '', '', '', '', '', '', '', '', '', '', '', '', '', '', '', '', '', '', '', '', '', '', '', '', '', '', '', '', '', '', '', '', '', '', '', '', '', '', '', '', '', '', '', '', '', '', '', '', '', '', '', '', '', '', '', '', '', '', '', '', '', '', '', '', '', '', '', '', '', '', '', '', '', '', '', '', '', '', '', '', '', '', '', '', '', '', '', '', '', '', '', '', '', '', '', '', '', '', '', '', '', '', '', '', '', '', '', '', '', '', '', '', '', '', '', '', '', '', '', '', '', '', '', '', '', '', '', '', '', '', '', '', '', '', '', '', '', '', '', '', '', '', '', '', '', '', '', '', '', '', '', '', '', '', '', '', '', '', '', '', '', '', '', '', '', '', '', '', '', '', '', '', '', '', '', '', '', '', '', '', '', '', '', '', '', '', '', '', '', '', '', '', '', '', '', '', '', '', '', '', '', '', '', '', '']
2018-11-30 15:35:39:【不一致】row<889>:['', '', '', '', '', '', '', '', '', '', '', '', '', '', '', '', '', '', '', '', '', '', '', '', '', '', '', '', '', '', '', '', '', '', '', '', '', '', '', '', '', '', '', '', '', '', '', '', '', '', '', '', '', '', '', '', '', '', '', '', '', '', '', '', '', '', '', '', '', '', '', '', '', '', '', '', '', '', '', '', '', '', '', '', '', '', '', '', '', '', '', '', '', '', '', '', '', '', '', '', '', '', '', '', '', '', '', '', '', '', '', '', '', '', '', '', '', '', '', '', '', '', '', '', '', '', '', '', '', '', '', '', '', '', '', '', '', '', '', '', '', '', '', '', '', '', '', '', '', '', '', '', '', '', '', '', '', '', '', '', '', '', '', '', '', '', '', '', '', '', '', '', '', '', '', '', '', '', '', '', '', '', '', '', '', '', '', '', '', '', '', '', '', '', '', '', '', '', '', '', '', '', '', '', '', '', '', '', '', '', '', '', '', '', '', '', '', '', '', '', '', '', '', '', '', '', '', '', '', '', '', '', '', '', '', '', '', '', '', '', '', '', '', '', '', '', '', '', '', '', '', '', '', '', '', '']
2018-11-30 15:35:39:【不一致】row<890>:['', '', '', '', '', '', '', '', '', '', '', '', '', '', '', '', '', '', '', '', '', '', '', '', '', '', '', '', '', '', '', '', '', '', '', '', '', '', '', '', '', '', '', '', '', '', '', '', '', '', '', '', '', '', '', '', '', '', '', '', '', '', '', '', '', '', '', '', '', '', '', '', '', '', '', '', '', '', '', '', '', '', '', '', '', '', '', '', '', '', '', '', '', '', '', '', '', '', '', '', '', '', '', '', '', '', '', '', '', '', '', '', '', '', '', '', '', '', '', '', '', '', '', '', '', '', '', '', '', '', '', '', '', '', '', '', '', '', '', '', '', '', '', '', '', '', '', '', '', '', '', '', '', '', '', '', '', '', '', '', '', '', '', '', '', '', '', '', '', '', '', '', '', '', '', '', '', '', '', '', '', '', '', '', '', '', '', '', '', '', '', '', '', '', '', '', '', '', '', '', '', '', '', '', '', '', '', '', '', '', '', '', '', '', '', '', '', '', '', '', '', '', '', '', '', '', '', '', '', '', '', '', '', '', '', '', '', '', '', '', '', '', '', '', '', '', '', '', '', '', '', '', '', '', '', '']
2018-11-30 15:35:39:【比对完成】总记录数:890条,匹配到:59条,变更:4条,未匹配到:10条,新增:0条,删除线:2条
